[INFO] Scanning for projects...
[INFO] 
[INFO] -----------------------< me.poma123:TokenEditor >-----------------------
[INFO] Building TokenShopEditor DEV - 4 (git aa1d7d9a)
[INFO] --------------------------------[ jar ]---------------------------------
[INFO] Downloading from central: https://repo.maven.apache.org/maven2/org/apache/maven/plugins/maven-clean-plugin/2.5/maven-clean-plugin-2.5.pom
[INFO] Downloaded from central: https://repo.maven.apache.org/maven2/org/apache/maven/plugins/maven-clean-plugin/2.5/maven-clean-plugin-2.5.pom (3.9 kB at 8.8 kB/s)
[INFO] Downloading from central: https://repo.maven.apache.org/maven2/org/apache/maven/plugins/maven-plugins/22/maven-plugins-22.pom
[INFO] Downloaded from central: https://repo.maven.apache.org/maven2/org/apache/maven/plugins/maven-plugins/22/maven-plugins-22.pom (13 kB at 384 kB/s)
[INFO] Downloading from central: https://repo.maven.apache.org/maven2/org/apache/maven/maven-parent/21/maven-parent-21.pom
[INFO] Downloaded from central: https://repo.maven.apache.org/maven2/org/apache/maven/maven-parent/21/maven-parent-21.pom (26 kB at 1.1 MB/s)
[INFO] Downloading from central: https://repo.maven.apache.org/maven2/org/apache/apache/10/apache-10.pom
[INFO] Downloaded from central: https://repo.maven.apache.org/maven2/org/apache/apache/10/apache-10.pom (15 kB at 643 kB/s)
[INFO] Downloading from central: https://repo.maven.apache.org/maven2/org/apache/maven/plugins/maven-clean-plugin/2.5/maven-clean-plugin-2.5.jar
[INFO] Downloaded from central: https://repo.maven.apache.org/maven2/org/apache/maven/plugins/maven-clean-plugin/2.5/maven-clean-plugin-2.5.jar (25 kB at 880 kB/s)
[INFO] Downloading from central: https://repo.maven.apache.org/maven2/org/apache/maven/plugins/maven-resources-plugin/2.6/maven-resources-plugin-2.6.pom
[INFO] Downloaded from central: https://repo.maven.apache.org/maven2/org/apache/maven/plugins/maven-resources-plugin/2.6/maven-resources-plugin-2.6.pom (8.1 kB at 451 kB/s)
[INFO] Downloading from central: https://repo.maven.apache.org/maven2/org/apache/maven/plugins/maven-plugins/23/maven-plugins-23.pom
[INFO] Downloaded from central: https://repo.maven.apache.org/maven2/org/apache/maven/plugins/maven-plugins/23/maven-plugins-23.pom (9.2 kB at 354 kB/s)
[INFO] Downloading from central: https://repo.maven.apache.org/maven2/org/apache/maven/maven-parent/22/maven-parent-22.pom
[INFO] Downloaded from central: https://repo.maven.apache.org/maven2/org/apache/maven/maven-parent/22/maven-parent-22.pom (30 kB at 1.2 MB/s)
[INFO] Downloading from central: https://repo.maven.apache.org/maven2/org/apache/apache/11/apache-11.pom
[INFO] Downloaded from central: https://repo.maven.apache.org/maven2/org/apache/apache/11/apache-11.pom (15 kB at 823 kB/s)
[INFO] Downloading from central: https://repo.maven.apache.org/maven2/org/apache/maven/plugins/maven-resources-plugin/2.6/maven-resources-plugin-2.6.jar
[INFO] Downloaded from central: https://repo.maven.apache.org/maven2/org/apache/maven/plugins/maven-resources-plugin/2.6/maven-resources-plugin-2.6.jar (30 kB at 1.6 MB/s)
[INFO] Downloading from central: https://repo.maven.apache.org/maven2/org/apache/maven/plugins/maven-compiler-plugin/3.7.0/maven-compiler-plugin-3.7.0.pom
[INFO] Downloaded from central: https://repo.maven.apache.org/maven2/org/apache/maven/plugins/maven-compiler-plugin/3.7.0/maven-compiler-plugin-3.7.0.pom (11 kB at 630 kB/s)
[INFO] Downloading from central: https://repo.maven.apache.org/maven2/org/apache/maven/plugins/maven-plugins/30/maven-plugins-30.pom
[INFO ]Downloaded from central: https://repo.maven.apache.org/maven2/org/apache/maven/plugins/maven-plugins/30/maven-plugins-30.pom (10 kB at 442 kB/s)
[INFO] Downloading from central: https://repo.maven.apache.org/maven2/org/apache/maven/maven-parent/30/maven-parent-30.pom
[INFO] Downloaded from central: https://repo.maven.apache.org/maven2/org/apache/maven/maven-parent/30/maven-parent-30.pom (41 kB at 2.2 MB/s)
[INFO] Downloading from central: https://repo.maven.apache.org/maven2/org/apache/apache/18/apache-18.pom
[INFO] Downloaded from central: https://repo.maven.apache.org/maven2/org/apache/apache/18/apache-18.pom (16 kB at 1.1 MB/s)
[INFO] Downloading from central: https://repo.maven.apache.org/maven2/org/apache/maven/plugins/maven-compiler-plugin/3.7.0/maven-compiler-plugin-3.7.0.jar
[INFO] Downloaded from central: https://repo.maven.apache.org/maven2/org/apache/maven/plugins/maven-compiler-plugin/3.7.0/maven-compiler-plugin-3.7.0.jar (58 kB at 1.8 MB/s)
[INFO] Downloading from central: https://repo.maven.apache.org/maven2/org/apache/maven/plugins/maven-surefire-plugin/2.12.4/maven-surefire-plugin-2.12.4.pom
[INFO] Downloaded from central: https://repo.maven.apache.org/maven2/org/apache/maven/plugins/maven-surefire-plugin/2.12.4/maven-surefire-plugin-2.12.4.pom (10 kB at 655 kB/s)
[INFO] Downloading from central: https://repo.maven.apache.org/maven2/org/apache/maven/surefire/surefire/2.12.4/surefire-2.12.4.pom
[INFO] Downloaded from central: https://repo.maven.apache.org/maven2/org/apache/maven/surefire/surefire/2.12.4/surefire-2.12.4.pom (14 kB at 690 kB/s)
[INFO] Downloading from central: https://repo.maven.apache.org/maven2/org/apache/maven/plugins/maven-surefire-plugin/2.12.4/maven-surefire-plugin-2.12.4.jar
[INFO] Downloaded from central: https://repo.maven.apache.org/maven2/org/apache/maven/plugins/maven-surefire-plugin/2.12.4/maven-surefire-plugin-2.12.4.jar (30 kB at 1.3 MB/s)
[INFO] Downloading from central: https://repo.maven.apache.org/maven2/org/apache/maven/plugins/maven-jar-plugin/2.4/maven-jar-plugin-2.4.pom
[INFO] Downloaded from central: https://repo.maven.apache.org/maven2/org/apache/maven/plugins/maven-jar-plugin/2.4/maven-jar-plugin-2.4.pom (5.8 kB at 365 kB/s)
[INFO] Downloading from central: https://repo.maven.apache.org/maven2/org/apache/maven/plugins/maven-jar-plugin/2.4/maven-jar-plugin-2.4.jar
[INFO] Downloaded from central: https://repo.maven.apache.org/maven2/org/apache/maven/plugins/maven-jar-plugin/2.4/maven-jar-plugin-2.4.jar (34 kB at 2.1 MB/s)
[INFO] Downloading from sonatype: https://oss.sonatype.org/content/groups/public/org/spigotmc/spigot-api/1.15.1-R0.1-SNAPSHOT/maven-metadata.xml
[INFO] Downloading from spigotmc-repo: https://hub.spigotmc.org/nexus/content/groups/public/org/spigotmc/spigot-api/1.15.1-R0.1-SNAPSHOT/maven-metadata.xml
[INFO] Downloaded from spigotmc-repo: https://hub.spigotmc.org/nexus/content/groups/public/org/spigotmc/spigot-api/1.15.1-R0.1-SNAPSHOT/maven-metadata.xml (1.4 kB at 10 kB/s)
[INFO] Downloading from spigotmc-repo: https://hub.spigotmc.org/nexus/content/groups/public/org/spigotmc/spigot-api/1.15.1-R0.1-SNAPSHOT/spigot-api-1.15.1-R0.1-20191219.015649-5.pom
[INFO] Downloaded from spigotmc-repo: https://hub.spigotmc.org/nexus/content/groups/public/org/spigotmc/spigot-api/1.15.1-R0.1-SNAPSHOT/spigot-api-1.15.1-R0.1-20191219.015649-5.pom (8.7 kB at 130 kB/s)
[INFO] Downloading from spigotmc-repo: https://hub.spigotmc.org/nexus/content/groups/public/commons-lang/commons-lang/2.6/commons-lang-2.6.pom
[INFO] Downloaded from spigotmc-repo: https://hub.spigotmc.org/nexus/content/groups/public/commons-lang/commons-lang/2.6/commons-lang-2.6.pom (17 kB at 250 kB/s)
[INFO] Downloading from spigotmc-repo: https://hub.spigotmc.org/nexus/content/groups/public/org/apache/commons/commons-parent/17/commons-parent-17.pom
[INFO] Downloaded from spigotmc-repo: https://hub.spigotmc.org/nexus/content/groups/public/org/apache/commons/commons-parent/17/commons-parent-17.pom (31 kB at 459 kB/s)
[INFO] Downloading from spigotmc-repo: https://hub.spigotmc.org/nexus/content/groups/public/org/apache/apache/7/apache-7.pom
[INFO] Downloaded from spigotmc-repo: https://hub.spigotmc.org/nexus/content/groups/public/org/apache/apache/7/apache-7.pom (14 kB at 200 kB/s)
[INFO] Downloading from spigotmc-repo: https://hub.spigotmc.org/nexus/content/groups/public/com/google/guava/guava/21.0/guava-21.0.pom
[INFO] Downloaded from spigotmc-repo: https://hub.spigotmc.org/nexus/content/groups/public/com/google/guava/guava/21.0/guava-21.0.pom (7.0 kB at 146 kB/s)
[INFO] Downloading from spigotmc-repo: https://hub.spigotmc.org/nexus/content/groups/public/com/google/guava/guava-parent/21.0/guava-parent-21.0.pom
[INFO] Downloaded from spigotmc-repo: https://hub.spigotmc.org/nexus/content/groups/public/com/google/guava/guava-parent/21.0/guava-parent-21.0.pom (9.7 kB at 197 kB/s)
[INFO] Downloading from spigotmc-repo: https://hub.spigotmc.org/nexus/content/groups/public/org/sonatype/oss/oss-parent/7/oss-parent-7.pom
[INFO] Downloaded from spigotmc-repo: https://hub.spigotmc.org/nexus/content/groups/public/org/sonatype/oss/oss-parent/7/oss-parent-7.pom (4.8 kB at 95 kB/s)
[INFO] Downloading from spigotmc-repo: https://hub.spigotmc.org/nexus/content/groups/public/com/google/code/gson/gson/2.8.0/gson-2.8.0.pom
[INFO] Downloaded from spigotmc-repo: https://hub.spigotmc.org/nexus/content/groups/public/com/google/code/gson/gson/2.8.0/gson-2.8.0.pom (1.4 kB at 29 kB/s)
[INFO] Downloading from spigotmc-repo: https://hub.spigotmc.org/nexus/content/groups/public/com/google/code/gson/gson-parent/2.8.0/gson-parent-2.8.0.pom
[INFO] Downloaded from spigotmc-repo: https://hub.spigotmc.org/nexus/content/groups/public/com/google/code/gson/gson-parent/2.8.0/gson-parent-2.8.0.pom (3.5 kB at 53 kB/s)
[INFO] Downloading from spigotmc-repo: https://hub.spigotmc.org/nexus/content/groups/public/net/md-5/bungeecord-chat/1.13-SNAPSHOT/maven-metadata.xml
[INFO] Downloading from spigotmc-public: https://hub.spigotmc.org/nexus/content/groups/public/net/md-5/bungeecord-chat/1.13-SNAPSHOT/maven-metadata.xml
[INFO] Downloading from sonatype: https://oss.sonatype.org/content/groups/public/net/md-5/bungeecord-chat/1.13-SNAPSHOT/maven-metadata.xml
[INFO] Downloaded from spigotmc-public: https://hub.spigotmc.org/nexus/content/groups/public/net/md-5/bungeecord-chat/1.13-SNAPSHOT/maven-metadata.xml (1.2 kB at 19 kB/s)
[INFO] Downloaded from sonatype: https://oss.sonatype.org/content/groups/public/net/md-5/bungeecord-chat/1.13-SNAPSHOT/maven-metadata.xml (1.2 kB at 9.6 kB/s)
[INFO] Downloaded from spigotmc-repo: https://hub.spigotmc.org/nexus/content/groups/public/net/md-5/bungeecord-chat/1.13-SNAPSHOT/maven-metadata.xml (1.2 kB at 4.8 kB/s)
[INFO] Downloading from spigotmc-repo: https://hub.spigotmc.org/nexus/content/groups/public/net/md-5/bungeecord-chat/1.13-SNAPSHOT/bungeecord-chat-1.13-20190406.085523-69.pom
[INFO] Downloaded from spigotmc-repo: https://hub.spigotmc.org/nexus/content/groups/public/net/md-5/bungeecord-chat/1.13-SNAPSHOT/bungeecord-chat-1.13-20190406.085523-69.pom (986 B at 15 kB/s)
[INFO] Downloading from spigotmc-repo: https://hub.spigotmc.org/nexus/content/groups/public/net/md-5/bungeecord-parent/1.13-SNAPSHOT/maven-metadata.xml
[INFO] Downloading from sonatype: https://oss.sonatype.org/content/groups/public/net/md-5/bungeecord-parent/1.13-SNAPSHOT/maven-metadata.xml
[INFO] Downloading from spigotmc-public: https://hub.spigotmc.org/nexus/content/groups/public/net/md-5/bungeecord-parent/1.13-SNAPSHOT/maven-metadata.xml
[INFO] Downloaded from sonatype: https://oss.sonatype.org/content/groups/public/net/md-5/bungeecord-parent/1.13-SNAPSHOT/maven-metadata.xml (602 B at 10 kB/s)
[INFO] Downloaded from spigotmc-public: https://hub.spigotmc.org/nexus/content/groups/public/net/md-5/bungeecord-parent/1.13-SNAPSHOT/maven-metadata.xml (602 B at 9.7 kB/s)
[INFO] Downloaded from spigotmc-repo: https://hub.spigotmc.org/nexus/content/groups/public/net/md-5/bungeecord-parent/1.13-SNAPSHOT/maven-metadata.xml (602 B at 7.8 kB/s)
[INFO] Downloading from spigotmc-repo: https://hub.spigotmc.org/nexus/content/groups/public/net/md-5/bungeecord-parent/1.13-SNAPSHOT/bungeecord-parent-1.13-20190406.085510-73.pom
[INFO] Downloaded from spigotmc-repo: https://hub.spigotmc.org/nexus/content/groups/public/net/md-5/bungeecord-parent/1.13-SNAPSHOT/bungeecord-parent-1.13-20190406.085510-73.pom (6.5 kB at 116 kB/s)
[INFO] Downloading from spigotmc-repo: https://hub.spigotmc.org/nexus/content/groups/public/com/google/guava/guava/20.0/guava-20.0.pom
[INFO] Downloaded from spigotmc-repo: https://hub.spigotmc.org/nexus/content/groups/public/com/google/guava/guava/20.0/guava-20.0.pom (6.8 kB at 124 kB/s)
[INFO] Downloading from spigotmc-repo: https://hub.spigotmc.org/nexus/content/groups/public/com/google/guava/guava-parent/20.0/guava-parent-20.0.pom
[INFO] Downloaded from spigotmc-repo: https://hub.spigotmc.org/nexus/content/groups/public/com/google/guava/guava-parent/20.0/guava-parent-20.0.pom (9.9 kB at 171 kB/s)
[INFO] Downloading from spigotmc-repo: https://hub.spigotmc.org/nexus/content/groups/public/org/yaml/snakeyaml/1.25/snakeyaml-1.25.pom
[INFO] Downloaded from spigotmc-repo: https://hub.spigotmc.org/nexus/content/groups/public/org/yaml/snakeyaml/1.25/snakeyaml-1.25.pom (38 kB at 539 kB/s)
[INFO] Downloading from spigotmc-repo: https://hub.spigotmc.org/nexus/content/groups/public/com/destroystokyo/paper/paper-api/1.14.4-R0.1-SNAPSHOT/maven-metadata.xml
[INFO] Downloading from sonatype: https://oss.sonatype.org/content/groups/public/com/destroystokyo/paper/paper-api/1.14.4-R0.1-SNAPSHOT/maven-metadata.xml
[INFO] Downloading from spigotmc-repo: https://hub.spigotmc.org/nexus/content/groups/public/com/destroystokyo/paper/paper-api/1.14.4-R0.1-SNAPSHOT/paper-api-1.14.4-R0.1-SNAPSHOT.pom
[INFO] Downloading from sonatype: https://oss.sonatype.org/content/groups/public/com/destroystokyo/paper/paper-api/1.14.4-R0.1-SNAPSHOT/paper-api-1.14.4-R0.1-SNAPSHOT.pom
[WARNING] The POM for com.destroystokyo.paper:paper-api:jar:1.14.4-R0.1-SNAPSHOT is missing, no dependency information available
[INFO] Downloading from spigotmc-repo: https://hub.spigotmc.org/nexus/content/groups/public/org/spigotmc/spigot-api/1.15.1-R0.1-SNAPSHOT/spigot-api-1.15.1-R0.1-20191219.015649-5.jar
[INFO] Downloading from spigotmc-repo: https://hub.spigotmc.org/nexus/content/groups/public/commons-lang/commons-lang/2.6/commons-lang-2.6.jar
[INFO] Downloading from spigotmc-repo: https://hub.spigotmc.org/nexus/content/groups/public/com/google/guava/guava/21.0/guava-21.0.jar
[INFO] Downloading from spigotmc-repo: https://hub.spigotmc.org/nexus/content/groups/public/com/google/code/gson/gson/2.8.0/gson-2.8.0.jar
[INFO] Downloading from spigotmc-repo: https://hub.spigotmc.org/nexus/content/groups/public/net/md-5/bungeecord-chat/1.13-SNAPSHOT/bungeecord-chat-1.13-20190406.085523-69.jar
[INFO] Downloaded from spigotmc-repo: https://hub.spigotmc.org/nexus/content/groups/public/net/md-5/bungeecord-chat/1.13-SNAPSHOT/bungeecord-chat-1.13-20190406.085523-69.jar (82 kB at 613 kB/s)
[INFO] Downloading from spigotmc-repo: https://hub.spigotmc.org/nexus/content/groups/public/org/yaml/snakeyaml/1.25/snakeyaml-1.25.jar
[INFO] Downloaded from spigotmc-repo: https://hub.spigotmc.org/nexus/content/groups/public/commons-lang/commons-lang/2.6/commons-lang-2.6.jar (284 kB at 1.9 MB/s)
[INFO] Downloading from spigotmc-repo: https://hub.spigotmc.org/nexus/content/groups/public/com/destroystokyo/paper/paper-api/1.14.4-R0.1-SNAPSHOT/paper-api-1.14.4-R0.1-SNAPSHOT.jar
[INFO] Downloaded from spigotmc-repo: https://hub.spigotmc.org/nexus/content/groups/public/com/google/code/gson/gson/2.8.0/gson-2.8.0.jar (232 kB at 1.6 MB/s)
[INFO] Downloaded from spigotmc-repo: https://hub.spigotmc.org/nexus/content/groups/public/org/yaml/snakeyaml/1.25/snakeyaml-1.25.jar (303 kB at 1.3 MB/s)
[INFO] Downloaded from spigotmc-repo: https://hub.spigotmc.org/nexus/content/groups/public/org/spigotmc/spigot-api/1.15.1-R0.1-SNAPSHOT/spigot-api-1.15.1-R0.1-20191219.015649-5.jar (1.2 MB at 4.4 MB/s)
[INFO] Downloaded from spigotmc-repo: https://hub.spigotmc.org/nexus/content/groups/public/com/google/guava/guava/21.0/guava-21.0.jar (2.5 MB at 7.9 MB/s)
[INFO] Downloading from sonatype: https://oss.sonatype.org/content/groups/public/com/destroystokyo/paper/paper-api/1.14.4-R0.1-SNAPSHOT/paper-api-1.14.4-R0.1-SNAPSHOT.jar
[INFO] ------------------------------------------------------------------------
[INFO] BUILD FAILURE
[INFO] ------------------------------------------------------------------------
[INFO] Total time:  4.220 s
[INFO] Finished at: 2019-12-20T23:18:48Z
[INFO] ------------------------------------------------------------------------
[ERROR] Failed to execute goal on project TokenEditor: Could not resolve dependencies for project me.poma123:TokenEditor:jar:DEV - 4 (git aa1d7d9a): Could not find artifact com.destroystokyo.paper:paper-api:jar:1.14.4-R0.1-SNAPSHOT in spigotmc-repo (https://hub.spigotmc.org/nexus/content/groups/public/) -> [Help 1]
[ERROR] 
[ERROR] To see the full stack trace of the errors, re-run Maven with the -e switch.
[ERROR] Re-run Maven using the -X switch to enable full debug logging.
[ERROR] 
[ERROR] For more information about the errors and possible solutions, please read the following articles:
[ERROR] [Help 1] http://cwiki.apache.org/confluence/display/MAVEN/DependencyResolutionException
