[INFO] Scanning for projects...
[WARNING] 
[WARNING] Some problems were encountered while building the effective model for me.poma123:pickupspawners:jar:TOC - 3 (git ac1a15c9)
[WARNING] 'dependencies.dependency.systemPath' for net.milkbowl.vault:VaultAPI:jar should not point at files within the project directory, ${project.basedir}/lib/Vault.jar will be unresolvable by dependent projects @ line 1, column 1266
[WARNING] 
[WARNING] It is highly recommended to fix these problems because they threaten the stability of your build.
[WARNING] 
[WARNING] For this reason, future Maven versions might no longer support building such malformed projects.
[WARNING] 
[INFO] 
[INFO] ---------------------< me.poma123:pickupspawners >----------------------
[INFO] Building PickupSpawners TOC - 3 (git ac1a15c9)
[INFO] --------------------------------[ jar ]---------------------------------
[INFO] 
[INFO] --- maven-clean-plugin:2.5:clean (default-clean) @ pickupspawners ---
[INFO] 
[INFO] --- maven-resources-plugin:2.6:resources (default-resources) @ pickupspawners ---
[INFO] Using 'UTF-8' encoding to copy filtered resources.
[INFO] Copying 2 resources
[INFO] 
[INFO] --- maven-compiler-plugin:3.7.0:compile (default-compile) @ pickupspawners ---
[INFO] Changes detected - recompiling the module!
[INFO] Compiling 16 source files to /home/runner/work/builds/builds/poma123/PickupSpawners/toc/files/target/classes
[INFO] /home/runner/work/builds/builds/poma123/PickupSpawners/toc/files/src/main/java/me/poma123/spawners/gui/PickupGui.java: Some input files use or override a deprecated API.
[INFO] /home/runner/work/builds/builds/poma123/PickupSpawners/toc/files/src/main/java/me/poma123/spawners/gui/PickupGui.java: Recompile with -Xlint:deprecation for details.
[INFO] /home/runner/work/builds/builds/poma123/PickupSpawners/toc/files/src/main/java/me/poma123/spawners/Metrics.java: /home/runner/work/builds/builds/poma123/PickupSpawners/toc/files/src/main/java/me/poma123/spawners/Metrics.java uses unchecked or unsafe operations.
[INFO] /home/runner/work/builds/builds/poma123/PickupSpawners/toc/files/src/main/java/me/poma123/spawners/Metrics.java: Recompile with -Xlint:unchecked for details.
[INFO] 
[INFO] --- maven-resources-plugin:2.6:testResources (default-testResources) @ pickupspawners ---
[INFO] Using 'UTF-8' encoding to copy filtered resources.
[INFO] skip non existing resourceDirectory /home/runner/work/builds/builds/poma123/PickupSpawners/toc/files/src/test/resources
[INFO] 
[INFO] --- maven-compiler-plugin:3.7.0:testCompile (default-testCompile) @ pickupspawners ---
[INFO] No sources to compile
[INFO] 
[INFO] --- maven-surefire-plugin:2.12.4:test (default-test) @ pickupspawners ---
[INFO] No tests to run.
[INFO] 
[INFO] --- maven-jar-plugin:2.4:jar (default-jar) @ pickupspawners ---
[INFO] Building jar: /home/runner/work/builds/builds/poma123/PickupSpawners/toc/files/target/PickupSpawners-3.jar
[INFO] ------------------------------------------------------------------------
[INFO] BUILD SUCCESS
[INFO] ------------------------------------------------------------------------
[INFO] Total time:  3.250 s
[INFO] Finished at: 2020-06-24T13:32:02Z
[INFO] ------------------------------------------------------------------------
